#
# There is insufficient memory for the Java Runtime Environment to continue.
# Native memory allocation (mmap) failed to map 130023424 bytes for G1 virtual space
# Possible reasons:
#   The system is out of physical RAM or swap space
#   The process is running with CompressedOops enabled, and the Java Heap may be blocking the growth of the native heap
# Possible solutions:
#   Reduce memory load on the system
#   Increase physical memory or swap space
#   Check if swap backing store is full
#   Decrease Java heap size (-Xmx/-Xms)
#   Decrease number of Java threads
#   Decrease Java thread stack sizes (-Xss)
#   Set larger code cache with -XX:ReservedCodeCacheSize=
#   JVM is running with Unscaled Compressed Oops mode in which the Java heap is
#     placed in the first 4GB address space. The Java Heap base address is the
#     maximum limit for the native heap growth. Please use -XX:HeapBaseMinAddress
#     to set the Java Heap base and to place the Java Heap above 4GB virtual address.
# This output file may be truncated or incomplete.
#
#  Out of Memory Error (os_windows.cpp:3550), pid=26000, tid=7272
#
# JRE version:  (17.0.8+9) (build )
# Java VM: Java HotSpot(TM) 64-Bit Server VM (17.0.8+9-LTS-211, mixed mode, sharing, tiered, compressed oops, compressed class ptrs, g1 gc, windows-amd64)
# No core dump will be written. Minidumps are not enabled by default on client versions of Windows
#

---------------  S U M M A R Y ------------

Command Line: -Dorg.gradle.internal.worker.tmpdir=C:\US Life\Coding\Launchcode\Java\techjobs-oo-java-graded-17\build\tmp\test\work -Dorg.gradle.native=false -agentlib:jdwp=transport=dt_socket,server=n,suspend=y,address=127.0.0.1:57708 -Xmx512m -Dfile.encoding=windows-1252 -Duser.country=US -Duser.language=en -Duser.variant -ea worker.org.gradle.process.internal.worker.GradleWorkerMain 'Gradle Test Executor 1'

Host: Intel(R) Core(TM) i5-4300U CPU @ 1.90GHz, 4 cores, 7G,  Windows 10 , 64 bit Build 19041 (10.0.19041.3393)
Time: Sat Sep 30 21:36:01 2023 Central Daylight Time elapsed time: 0.031348 seconds (0d 0h 0m 0s)

---------------  T H R E A D  ---------------

Current thread (0x00000188e2db1070):  JavaThread "Unknown thread" [_thread_in_vm, id=7272, stack(0x0000006670400000,0x0000006670500000)]

Stack: [0x0000006670400000,0x0000006670500000]
Native frames: (J=compiled Java code, j=interpreted, Vv=VM code, C=native code)
V  [jvm.dll+0x677d0a]
V  [jvm.dll+0x7d8c54]
V  [jvm.dll+0x7da3fe]
V  [jvm.dll+0x7daa63]
V  [jvm.dll+0x245c5f]
V  [jvm.dll+0x674bb9]
V  [jvm.dll+0x6694f2]
V  [jvm.dll+0x3031d6]
V  [jvm.dll+0x30a756]
V  [jvm.dll+0x359f9e]
V  [jvm.dll+0x35a1cf]
V  [jvm.dll+0x2da3e8]
V  [jvm.dll+0x2db354]
V  [jvm.dll+0x7aa711]
V  [jvm.dll+0x367b51]
V  [jvm.dll+0x789979]
V  [jvm.dll+0x3eb05f]
V  [jvm.dll+0x3ecae1]
C  [jli.dll+0x5297]
C  [ucrtbase.dll+0x21bb2]
C  [KERNEL32.DLL+0x17344]
C  [ntdll.dll+0x526b1]


---------------  P R O C E S S  ---------------

Threads class SMR info:
_java_thread_list=0x00007ffedd2559d8, length=0, elements={
}

Java Threads: ( => current thread )

Other Threads:
  0x00000188e2ddb120 GCTaskThread "GC Thread#0" [stack: 0x0000006670500000,0x0000006670600000] [id=22148]
  0x00000188e2de3fb0 ConcurrentGCThread "G1 Main Marker" [stack: 0x0000006670600000,0x0000006670700000] [id=20448]
  0x00000188e2de48d0 ConcurrentGCThread "G1 Conc#0" [stack: 0x0000006670700000,0x0000006670800000] [id=10316]

[error occurred during error reporting (printing all threads), id 0xc0000005, EXCEPTION_ACCESS_VIOLATION (0xc0000005) at pc=0x00007ffedca8b047]

VM state: not at safepoint (not fully initialized)

VM Mutex/Monitor currently owned by a thread:  ([mutex/lock_event])
[0x00000188e2daad70] Heap_lock - owner thread: 0x00000188e2db1070

Heap address: 0x00000000e0000000, size: 512 MB, Compressed Oops mode: 32-bit

CDS archive(s) mapped at: [0x0000000000000000-0x0000000000000000-0x0000000000000000), size 0, SharedBaseAddress: 0x0000000800000000, ArchiveRelocationMode: 1.
Narrow klass base: 0x0000000000000000, Narrow klass shift: 0, Narrow klass range: 0x0

GC Precious Log:
<Empty>

Heap:
 garbage-first heap   total 0K, used 0K [0x00000000e0000000, 0x0000000100000000)
  region size 1024K, 0 young (0K), 0 survivors (0K)

[error occurred during error reporting (printing heap information), id 0xc0000005, EXCEPTION_ACCESS_VIOLATION (0xc0000005) at pc=0x00007ffedce71499]

GC Heap History (0 events):
No events

Deoptimization events (0 events):
No events

Classes unloaded (0 events):
No events

Classes redefined (0 events):
No events

Internal exceptions (0 events):
No events

VM Operations (0 events):
No events

Events (1 events):
Event: 0.017 Loaded shared library C:\Program Files\Java\jdk-17\bin\java.dll


Dynamic libraries:
0x00007ff785530000 - 0x00007ff785540000 	C:\Program Files\Java\jdk-17\bin\java.exe
0x00007fff3c790000 - 0x00007fff3c988000 	C:\WINDOWS\SYSTEM32\ntdll.dll
0x00007fff3b800000 - 0x00007fff3b8bd000 	C:\WINDOWS\System32\KERNEL32.DLL
0x00007fff3a030000 - 0x00007fff3a326000 	C:\WINDOWS\System32\KERNELBASE.dll
0x00007fff3a4d0000 - 0x00007fff3a5d0000 	C:\WINDOWS\System32\ucrtbase.dll
0x00007fff2a1e0000 - 0x00007fff2a1fb000 	C:\Program Files\Java\jdk-17\bin\VCRUNTIME140.dll
0x00007fff32dc0000 - 0x00007fff32dd9000 	C:\Program Files\Java\jdk-17\bin\jli.dll
0x00007fff3a930000 - 0x00007fff3a9de000 	C:\WINDOWS\System32\ADVAPI32.dll
0x00007fff3b010000 - 0x00007fff3b0ae000 	C:\WINDOWS\System32\msvcrt.dll
0x00007fff3b930000 - 0x00007fff3b9cc000 	C:\WINDOWS\System32\sechost.dll
0x00007fff3b5b0000 - 0x00007fff3b6d6000 	C:\WINDOWS\System32\RPCRT4.dll
0x00007fff3b410000 - 0x00007fff3b5ae000 	C:\WINDOWS\System32\USER32.dll
0x00007fff3a5d0000 - 0x00007fff3a5f2000 	C:\WINDOWS\System32\win32u.dll
0x00007fff3bb10000 - 0x00007fff3bb3c000 	C:\WINDOWS\System32\GDI32.dll
0x00007fff39e70000 - 0x00007fff39f8a000 	C:\WINDOWS\System32\gdi32full.dll
0x00007fff3a330000 - 0x00007fff3a3cd000 	C:\WINDOWS\System32\msvcp_win.dll
0x00007fff29cd0000 - 0x00007fff29f6a000 	C:\WINDOWS\WinSxS\amd64_microsoft.windows.common-controls_6595b64144ccf1df_6.0.19041.1110_none_60b5254171f9507e\COMCTL32.dll
0x00007fff2b200000 - 0x00007fff2b20a000 	C:\WINDOWS\SYSTEM32\VERSION.dll
0x00007fff3c310000 - 0x00007fff3c340000 	C:\WINDOWS\System32\IMM32.DLL
0x00007fff357f0000 - 0x00007fff357fc000 	C:\Program Files\Java\jdk-17\bin\vcruntime140_1.dll
0x00007fff16280000 - 0x00007fff1630e000 	C:\Program Files\Java\jdk-17\bin\msvcp140.dll
0x00007ffedc7a0000 - 0x00007ffedd37e000 	C:\Program Files\Java\jdk-17\bin\server\jvm.dll
0x00007fff3c690000 - 0x00007fff3c698000 	C:\WINDOWS\System32\PSAPI.DLL
0x00007fff32d70000 - 0x00007fff32d79000 	C:\WINDOWS\SYSTEM32\WSOCK32.dll
0x00007fff3b8c0000 - 0x00007fff3b92b000 	C:\WINDOWS\System32\WS2_32.dll
0x00007fff22c60000 - 0x00007fff22c87000 	C:\WINDOWS\SYSTEM32\WINMM.dll
0x00007fff37d00000 - 0x00007fff37d12000 	C:\WINDOWS\SYSTEM32\kernel.appcore.dll
0x00007fff29870000 - 0x00007fff2987a000 	C:\Program Files\Java\jdk-17\bin\jimage.dll
0x00007fff24310000 - 0x00007fff244f4000 	C:\WINDOWS\SYSTEM32\DBGHELP.DLL
0x00007fff242d0000 - 0x00007fff24304000 	C:\WINDOWS\SYSTEM32\dbgcore.DLL
0x00007fff3a600000 - 0x00007fff3a682000 	C:\WINDOWS\System32\bcryptPrimitives.dll
0x00007fff20be0000 - 0x00007fff20c1b000 	C:\Program Files\Java\jdk-17\bin\jdwp.dll
0x00007fff241b0000 - 0x00007fff241d5000 	C:\Program Files\Java\jdk-17\bin\java.dll

dbghelp: loaded successfully - version: 4.0.5 - missing functions: none
symbol engine: initialized successfully - sym options: 0x614 - pdb path: .;C:\Program Files\Java\jdk-17\bin;C:\WINDOWS\SYSTEM32;C:\WINDOWS\WinSxS\amd64_microsoft.windows.common-controls_6595b64144ccf1df_6.0.19041.1110_none_60b5254171f9507e;C:\Program Files\Java\jdk-17\bin\server

VM Arguments:
jvm_args: -Dorg.gradle.internal.worker.tmpdir=C:\US Life\Coding\Launchcode\Java\techjobs-oo-java-graded-17\build\tmp\test\work -Dorg.gradle.native=false -agentlib:jdwp=transport=dt_socket,server=n,suspend=y,address=127.0.0.1:57708 -Xmx512m -Dfile.encoding=windows-1252 -Duser.country=US -Duser.language=en -Duser.variant -ea 
java_command: worker.org.gradle.process.internal.worker.GradleWorkerMain 'Gradle Test Executor 1'
java_class_path (initial): C:\Users\Emily\.gradle\caches\7.6.1\workerMain\gradle-worker.jar;C:\US Life\Coding\Launchcode\Java\techjobs-oo-java-graded-17\build\classes\java\test;C:\US Life\Coding\Launchcode\Java\techjobs-oo-java-graded-17\build\classes\java\main;C:\Users\Emily\.gradle\caches\modules-2\files-2.1\org.junit.platform\junit-platform-engine\1.8.1\e6c63bf990dc88a6527b4ed617b23e47048f07e0\junit-platform-engine-1.8.1.jar;C:\Users\Emily\.gradle\caches\modules-2\files-2.1\org.junit.platform\junit-platform-commons\1.8.1\1e362cbe6d0f225b066757865e233972557484\junit-platform-commons-1.8.1.jar;C:\Users\Emily\.gradle\caches\modules-2\files-2.1\org.junit.vintage\junit-vintage-engine\5.8.1\dc5044ea04aaf53fa3e35509f255720eec426637\junit-vintage-engine-5.8.1.jar;C:\Users\Emily\.gradle\caches\modules-2\files-2.1\junit\junit\4.13.2\8ac9e16d933b6fb43bc7f576336b8f4d7eb5ba12\junit-4.13.2.jar;C:\Users\Emily\.gradle\caches\modules-2\files-2.1\org.testng\testng\7.1.0\b0bcea778fb2899aeb4014c558babea8833d180a\testng-7.1.0.jar;C:\Users\Emily\.gradle\caches\modules-2\files-2.1\org.jmockit\jmockit\1.49\e281fc6778c43060402505f062f6515c2adeb037\jmockit-1.49.jar;C:\Users\Emily\.gradle\caches\modules-2\files-2.1\org.hamcrest\hamcrest-core\1.3\42a25dc3219429f0e5d060061f71acb49bf010a0\hamcrest-core-1.3.jar;C:\Users\Emily\.gradle\caches\modules-2\files-2.1\com.beust\jcommander\1.72\6375e521c1e11d6563d4f25a07ce124ccf8cd171\jcommander-1.72.jar;C:\Users\Emily\.gradle\caches\modules-2\files-2.1\com.google.inject\guice\4.1.0\faf9ee8ac09eafd1128091426dd367a8c0085d55\guice-4.1.0-no_aop.jar;C:\Users\Emily\.gradle\caches\modules-2\files-2.1\org.yaml\snakeyaml\1.21\18775fdda48574784f40b47bf478ab0593f92e4d\snakeyaml-1.21.jar;C:\Users\Emily\.gradle\caches\modules-2\files-2.1\com.google.code.findbugs\jsr305\3.0.2\25ea2e8b0c338a877313bd4672d3fe056ea78f0d\jsr305-3.0.2.jar;C:\Users\Emily\.gradle\caches\modules-2\files-2.1\javax.inject\javax.inject\1\6975da39a7040257bd51d21a231b76c915872d38\javax.inject-
Launcher Type: SUN_STANDARD

[Global flags]
     intx CICompilerCount                          = 3                                         {product} {ergonomic}
     uint ConcGCThreads                            = 1                                         {product} {ergonomic}
     uint G1ConcRefinementThreads                  = 4                                         {product} {ergonomic}
   size_t G1HeapRegionSize                         = 1048576                                   {product} {ergonomic}
    uintx GCDrainStackTargetSize                   = 64                                        {product} {ergonomic}
   size_t InitialHeapSize                          = 130023424                                 {product} {ergonomic}
   size_t MarkStackSize                            = 4194304                                   {product} {ergonomic}
   size_t MaxHeapSize                              = 536870912                                 {product} {command line}
   size_t MinHeapDeltaBytes                        = 1048576                                   {product} {ergonomic}
   size_t MinHeapSize                              = 8388608                                   {product} {ergonomic}
    uintx NonNMethodCodeHeapSize                   = 5832780                                {pd product} {ergonomic}
    uintx NonProfiledCodeHeapSize                  = 122912730                              {pd product} {ergonomic}
    uintx ProfiledCodeHeapSize                     = 122912730                              {pd product} {ergonomic}
    uintx ReservedCodeCacheSize                    = 251658240                              {pd product} {ergonomic}
     bool SegmentedCodeCache                       = true                                      {product} {ergonomic}
   size_t SoftMaxHeapSize                          = 536870912                              {manageable} {ergonomic}
     bool UseCompressedClassPointers               = true                           {product lp64_product} {ergonomic}
     bool UseCompressedOops                        = true                           {product lp64_product} {ergonomic}
     bool UseG1GC                                  = true                                      {product} {ergonomic}
     bool UseLargePagesIndividualAllocation        = false                                  {pd product} {ergonomic}

Logging:
Log output configuration:
 #0: stdout all=warning uptime,level,tags
 #1: stderr all=off uptime,level,tags

Environment Variables:
PATH=C:\Program Files\Common Files\Oracle\Java\javapath;C:\WINDOWS\system32;C:\WINDOWS;C:\WINDOWS\System32\Wbem;C:\WINDOWS\System32\WindowsPowerShell\v1.0\;C:\WINDOWS\System32\OpenSSH\;C:\Program Files\Calibre2\;C:\Program Files\Git\cmd;C:\Program Files\nodejs\node_modules\npm\bin;C:\Node.js\;C:\Users\Emily\AppData\Local\Microsoft\WindowsApps;;C:\Users\Emily\AppData\Local\Programs\Microsoft VS Code\bin;C:\Users\Emily\AppData\Roaming\npm;C:\Program Files\JetBrains\IntelliJ IDEA Community Edition 2023.2\bin;
USERNAME=Emily
OS=Windows_NT
PROCESSOR_IDENTIFIER=Intel64 Family 6 Model 69 Stepping 1, GenuineIntel



---------------  S Y S T E M  ---------------

OS:
 Windows 10 , 64 bit Build 19041 (10.0.19041.3393)
OS uptime: 3 days 6:13 hours

CPU: total 4 (initial active 4) (2 cores per cpu, 2 threads per core) family 6 model 69 stepping 1 microcode 0x25, cx8, cmov, fxsr, ht, mmx, sse, sse2, sse3, ssse3, sse4.1, sse4.2, popcnt, lzcnt, tsc, tscinvbit, avx, avx2, aes, erms, clmul, bmi1, bmi2, fma, vzeroupper, clflush

Memory: 4k page, system-wide physical 7879M (415M free)
TotalPageFile size 32455M (AvailPageFile size 124M)
current process WorkingSet (physical memory assigned to process): 10M, peak: 10M
current process commit charge ("private bytes"): 51M, peak: 175M

vm_info: Java HotSpot(TM) 64-Bit Server VM (17.0.8+9-LTS-211) for windows-amd64 JRE (17.0.8+9-LTS-211), built on Jun 14 2023 10:34:31 by "mach5one" with MS VC++ 17.1 (VS2022)

END.
